<?xml version="1.0" encoding="UTF-8"?>
<!-- Generated by org.testng.reporters.JUnitXMLReporter -->
<testsuite ignored="5" hostname="ankita" failures="0" tests="1" name="Default test" time="9.499" errors="0" timestamp="2025-01-20T21:17:38 IST">
  <testcase classname="TestcaseSwagLb.HomepageTestcase" name="toCheckBagImage" time="6.164"/>
  <testcase classname="TestcaseSwagLb.HomepageTestcase" name="clickOnBoltTShirt" time="0.0">
    <ignored/>
  </testcase> <!-- clickOnBoltTShirt -->
  <testcase classname="TestcaseSwagLb.HomepageTestcase" name="clickOnTShirtRed" time="0.0">
    <ignored/>
  </testcase> <!-- clickOnTShirtRed -->
  <testcase classname="TestcaseSwagLb.HomepageTestcase" name="clickOnBikeLight" time="0.0">
    <ignored/>
  </testcase> <!-- clickOnBikeLight -->
  <testcase classname="TestcaseSwagLb.HomepageTestcase" name="clickOnFleeceJacket" time="0.0">
    <ignored/>
  </testcase> <!-- clickOnFleeceJacket -->
  <testcase classname="TestcaseSwagLb.HomepageTestcase" name="clickOnOnesies" time="0.0">
    <ignored/>
  </testcase> <!-- clickOnOnesies -->
</testsuite> <!-- Default test -->
