<?xml version="1.0" encoding="UTF-8"?>
<testng-results ignored="5" total="6" passed="1" failed="0" skipped="0">
  <reporter-output>
  </reporter-output>
  <suite started-at="2025-01-20T21:17:29 IST" name="Default suite" finished-at="2025-01-20T21:17:38 IST" duration-ms="9499">
    <groups>
    </groups>
    <test started-at="2025-01-20T21:17:29 IST" name="Default test" finished-at="2025-01-20T21:17:38 IST" duration-ms="9499">
      <class name="TestcaseSwagLb.HomepageTestcase">
        <test-method is-config="true" signature="setup()[pri:0, instance:TestcaseSwagLb.HomepageTestcase@66c61024]" started-at="2025-01-20T21:17:29 IST" name="setup" finished-at="2025-01-20T21:17:32 IST" duration-ms="3119" status="PASS">
          <reporter-output>
          </reporter-output>
        </test-method> <!-- setup -->
        <test-method signature="toCheckBagImage()[pri:0, instance:TestcaseSwagLb.HomepageTestcase@66c61024]" started-at="2025-01-20T21:17:32 IST" name="toCheckBagImage" finished-at="2025-01-20T21:17:38 IST" duration-ms="6164" status="PASS">
          <reporter-output>
          </reporter-output>
        </test-method> <!-- toCheckBagImage -->
        <test-method is-config="true" signature="closeBrowser()[pri:0, instance:TestcaseSwagLb.HomepageTestcase@66c61024]" started-at="2025-01-20T21:17:38 IST" name="closeBrowser" finished-at="2025-01-20T21:17:38 IST" duration-ms="0" status="PASS">
          <reporter-output>
          </reporter-output>
        </test-method> <!-- closeBrowser -->
      </class> <!-- TestcaseSwagLb.HomepageTestcase -->
    </test> <!-- Default test -->
  </suite> <!-- Default suite -->
</testng-results>
